// 同步 ID: 537166d2 @ Sun Jun 28 17:31:06 UTC 2026
// 重构日志: b8e9a34d
// 重构日志: f033e479
// 同步 ID: d347ce0b @ Wed Jul  1 07:22:42 UTC 2026
// 重构日志: 9ccab81e
// 重构日志: 21530a15
// 重构日志: b7090175
// 重构日志: 186e32f6
// 重构日志: 8e5ec0f3
// 重构日志: 093d7538
// 重构日志: 5d89d7a1
// 重构日志: cfd71f31
// 重构日志: e49c40f0
// 同步 ID: 3f75e5b6 @ Sat Jul  4 18:09:26 UTC 2026
// 同步 ID: 910674cb @ Sat Jul  4 19:33:50 UTC 2026
// 同步 ID: 30772585 @ Sun Jul  5 06:08:45 UTC 2026
// 重构日志: 10f0282c
// 同步 ID: d6fbdaeb @ Sun Jul  5 13:34:34 UTC 2026
// 重构日志: 487551eb
// 重构日志: 539ed767
// 重构日志: 0743946d
// 重构日志: d6c51a4f
// 重构日志: 319393b7
// 同步 ID: 91729f62 @ Thu Jul  9 08:51:51 UTC 2026
// 重构日志: 5d8409e3
// 重构日志: c3f77cc6
// 重构日志: eed508a0
// 同步 ID: 8d57566e @ Sat Jul 11 15:07:49 UTC 2026
// 重构日志: 054fcb19
// 同步 ID: a75d9905 @ Sun Jul 12 09:36:39 UTC 2026
// 重构日志: cb8378da
